#! /Users/sriramnimmala/Desktop/oss-cad-suite/bin/vvp
:ivl_version "13.0 (devel)" "(s20221226-518-g94d9d1951)";
:ivl_delay_selection "TYPICAL";
:vpi_time_precision + 0;
:vpi_module "/Users/sriramnimmala/Desktop/oss-cad-suite/lib/ivl/system.vpi";
:vpi_module "/Users/sriramnimmala/Desktop/oss-cad-suite/lib/ivl/vhdl_sys.vpi";
:vpi_module "/Users/sriramnimmala/Desktop/oss-cad-suite/lib/ivl/vhdl_textio.vpi";
:vpi_module "/Users/sriramnimmala/Desktop/oss-cad-suite/lib/ivl/v2005_math.vpi";
:vpi_module "/Users/sriramnimmala/Desktop/oss-cad-suite/lib/ivl/va_math.vpi";
:vpi_module "/Users/sriramnimmala/Desktop/oss-cad-suite/lib/ivl/v2009.vpi";
S_0x1556099e0 .scope package, "$unit" "$unit" 2 1;
 .timescale 0 0;
S_0x1556076c0 .scope module, "tb_alu" "tb_alu" 3 4;
 .timescale 0 0;
P_0x15560b190 .param/l "CLK_PERIOD" 1 3 18, +C4<00000000000000000000000000001010>;
v0x155622b60_0 .var "a", 7 0;
v0x155622c10_0 .var "b", 7 0;
v0x155622cc0_0 .var "clk", 0 0;
v0x155622d70_0 .var "opcode", 1 0;
v0x155622e20_0 .net "result", 7 0, v0x155622a50_0;  1 drivers
E_0x155609db0 .event posedge, v0x155622cc0_0;
S_0x155607830 .scope module, "DUT" "alu" 3 11, 4 1 0, S_0x1556076c0;
 .timescale 0 0;
    .port_info 0 /INPUT 2 "opcode";
    .port_info 1 /INPUT 8 "a";
    .port_info 2 /INPUT 8 "b";
    .port_info 3 /OUTPUT 8 "result";
v0x1556111d0_0 .net "a", 7 0, v0x155622b60_0;  1 drivers
v0x1556228e0_0 .net "b", 7 0, v0x155622c10_0;  1 drivers
v0x155622990_0 .net "opcode", 1 0, v0x155622d70_0;  1 drivers
v0x155622a50_0 .var "result", 7 0;
E_0x15560a7b0 .event anyedge, v0x155622990_0, v0x1556111d0_0, v0x1556228e0_0;
    .scope S_0x155607830;
T_0 ;
Ewait_0 .event/or E_0x15560a7b0, E_0x0;
    %wait Ewait_0;
    %load/vec4 v0x155622990_0;
    %dup/vec4;
    %pushi/vec4 0, 0, 2;
    %cmp/u;
    %jmp/1 T_0.0, 6;
    %dup/vec4;
    %pushi/vec4 1, 0, 2;
    %cmp/u;
    %jmp/1 T_0.1, 6;
    %dup/vec4;
    %pushi/vec4 2, 0, 2;
    %cmp/u;
    %jmp/1 T_0.2, 6;
    %dup/vec4;
    %pushi/vec4 3, 0, 2;
    %cmp/u;
    %jmp/1 T_0.3, 6;
    %pushi/vec4 255, 255, 8;
    %store/vec4 v0x155622a50_0, 0, 8;
    %jmp T_0.5;
T_0.0 ;
    %load/vec4 v0x1556111d0_0;
    %load/vec4 v0x1556228e0_0;
    %add;
    %store/vec4 v0x155622a50_0, 0, 8;
    %jmp T_0.5;
T_0.1 ;
    %load/vec4 v0x1556111d0_0;
    %load/vec4 v0x1556228e0_0;
    %sub;
    %store/vec4 v0x155622a50_0, 0, 8;
    %jmp T_0.5;
T_0.2 ;
    %load/vec4 v0x1556111d0_0;
    %load/vec4 v0x1556228e0_0;
    %and;
    %store/vec4 v0x155622a50_0, 0, 8;
    %jmp T_0.5;
T_0.3 ;
    %load/vec4 v0x1556111d0_0;
    %load/vec4 v0x1556228e0_0;
    %or;
    %store/vec4 v0x155622a50_0, 0, 8;
    %jmp T_0.5;
T_0.5 ;
    %pop/vec4 1;
    %jmp T_0;
    .thread T_0, $push;
    .scope S_0x1556076c0;
T_1 ;
    %delay 5, 0;
    %load/vec4 v0x155622cc0_0;
    %inv;
    %store/vec4 v0x155622cc0_0, 0, 1;
    %jmp T_1;
    .thread T_1;
    .scope S_0x1556076c0;
T_2 ;
    %vpi_call/w 3 22 "$dumpfile", "tb_alu.vcd" {0 0 0};
    %vpi_call/w 3 23 "$dumpvars", 32'sb00000000000000000000000000000000, S_0x1556076c0 {0 0 0};
    %end;
    .thread T_2;
    .scope S_0x1556076c0;
T_3 ;
    %delay 1, 0;
    %pushi/vec4 0, 0, 1;
    %assign/vec4 v0x155622cc0_0, 0;
    %pushi/vec4 1, 0, 8;
    %store/vec4 v0x155622b60_0, 0, 8;
    %pushi/vec4 1, 0, 8;
    %store/vec4 v0x155622c10_0, 0, 8;
    %pushi/vec4 0, 0, 2;
    %store/vec4 v0x155622d70_0, 0, 2;
    %pushi/vec4 5, 0, 32;
T_3.0 %dup/vec4;
    %pushi/vec4 0, 0, 32;
    %cmp/s;
    %jmp/1xz T_3.1, 5;
    %jmp/1 T_3.1, 4;
    %pushi/vec4 1, 0, 32;
    %sub;
    %wait E_0x155609db0;
    %jmp T_3.0;
T_3.1 ;
    %pop/vec4 1;
    %load/vec4 v0x155622e20_0;
    %pad/u 32;
    %cmpi/e 2, 0, 32;
    %jmp/0xz  T_3.2, 4;
    %vpi_call/w 3 33 "$info", "ADD Assertion passed: result is equal to 2" {0 0 0};
    %jmp T_3.3;
T_3.2 ;
    %vpi_call/w 3 35 "$error", "ADD Assertion failed: result is not equal to 2" {0 0 0};
T_3.3 ;
    %pushi/vec4 1, 0, 2;
    %store/vec4 v0x155622d70_0, 0, 2;
    %pushi/vec4 5, 0, 32;
T_3.4 %dup/vec4;
    %pushi/vec4 0, 0, 32;
    %cmp/s;
    %jmp/1xz T_3.5, 5;
    %jmp/1 T_3.5, 4;
    %pushi/vec4 1, 0, 32;
    %sub;
    %wait E_0x155609db0;
    %jmp T_3.4;
T_3.5 ;
    %pop/vec4 1;
    %load/vec4 v0x155622e20_0;
    %pad/u 32;
    %cmpi/e 0, 0, 32;
    %jmp/0xz  T_3.6, 4;
    %vpi_call/w 3 39 "$info", "SUB Assertion passed: result is equal to 0" {0 0 0};
    %jmp T_3.7;
T_3.6 ;
    %vpi_call/w 3 41 "$error", "SUB Assertion failed: result is not equal to 0" {0 0 0};
T_3.7 ;
    %pushi/vec4 2, 0, 2;
    %store/vec4 v0x155622d70_0, 0, 2;
    %pushi/vec4 5, 0, 32;
T_3.8 %dup/vec4;
    %pushi/vec4 0, 0, 32;
    %cmp/s;
    %jmp/1xz T_3.9, 5;
    %jmp/1 T_3.9, 4;
    %pushi/vec4 1, 0, 32;
    %sub;
    %wait E_0x155609db0;
    %jmp T_3.8;
T_3.9 ;
    %pop/vec4 1;
    %load/vec4 v0x155622e20_0;
    %pad/u 32;
    %cmpi/e 1, 0, 32;
    %jmp/0xz  T_3.10, 4;
    %vpi_call/w 3 45 "$info", "AND Assertion passed: result is equal to 1" {0 0 0};
    %jmp T_3.11;
T_3.10 ;
    %vpi_call/w 3 47 "$error", "AND Assertion failed: result is not equal to 1" {0 0 0};
T_3.11 ;
    %pushi/vec4 3, 0, 2;
    %store/vec4 v0x155622d70_0, 0, 2;
    %pushi/vec4 5, 0, 32;
T_3.12 %dup/vec4;
    %pushi/vec4 0, 0, 32;
    %cmp/s;
    %jmp/1xz T_3.13, 5;
    %jmp/1 T_3.13, 4;
    %pushi/vec4 1, 0, 32;
    %sub;
    %wait E_0x155609db0;
    %jmp T_3.12;
T_3.13 ;
    %pop/vec4 1;
    %load/vec4 v0x155622e20_0;
    %pad/u 32;
    %cmpi/e 1, 0, 32;
    %jmp/0xz  T_3.14, 4;
    %vpi_call/w 3 51 "$info", "OR Assertion passed: result is equal to 1" {0 0 0};
    %jmp T_3.15;
T_3.14 ;
    %vpi_call/w 3 53 "$error", "OR Assertion failed: result is not equal to 1" {0 0 0};
T_3.15 ;
    %wait E_0x155609db0;
    %pushi/vec4 2, 0, 32;
T_3.16 %dup/vec4;
    %pushi/vec4 0, 0, 32;
    %cmp/s;
    %jmp/1xz T_3.17, 5;
    %jmp/1 T_3.17, 4;
    %pushi/vec4 1, 0, 32;
    %sub;
    %wait E_0x155609db0;
    %jmp T_3.16;
T_3.17 ;
    %pop/vec4 1;
    %vpi_call/w 3 56 "$finish" {0 0 0};
    %end;
    .thread T_3;
# The file index is used to find the file name in the following table.
:file_names 5;
    "N/A";
    "<interactive>";
    "-";
    "alu_tb.v";
    "./alu.v";
